d:\users\wangxingyu3\2020年9月\codetest\新增节项目\新增节\新增节\debug\vc142.pdb
d:\users\wangxingyu3\2020年9月\codetest\新增节项目\新增节\新增节\debug\vc142.idb
d:\users\wangxingyu3\2020年9月\codetest\新增节项目\新增节\新增节\debug\pefunction.obj
d:\users\wangxingyu3\2020年9月\codetest\新增节项目\新增节\新增节\debug\copyfile.obj
d:\users\wangxingyu3\2020年9月\codetest\新增节项目\新增节\debug\新增节.pdb
d:\users\wangxingyu3\2020年9月\codetest\新增节项目\新增节\新增节\debug\新增节.tlog\cl.command.1.tlog
d:\users\wangxingyu3\2020年9月\codetest\新增节项目\新增节\新增节\debug\新增节.tlog\cl.read.1.tlog
d:\users\wangxingyu3\2020年9月\codetest\新增节项目\新增节\新增节\debug\新增节.tlog\cl.write.1.tlog
d:\users\wangxingyu3\2020年9月\codetest\新增节项目\新增节\新增节\debug\新增节.tlog\link-cvtres.read.1.tlog
d:\users\wangxingyu3\2020年9月\codetest\新增节项目\新增节\新增节\debug\新增节.tlog\link-cvtres.write.1.tlog
d:\users\wangxingyu3\2020年9月\codetest\新增节项目\新增节\新增节\debug\新增节.tlog\link-rc.read.1.tlog
d:\users\wangxingyu3\2020年9月\codetest\新增节项目\新增节\新增节\debug\新增节.tlog\link-rc.write.1.tlog
d:\users\wangxingyu3\2020年9月\codetest\新增节项目\新增节\新增节\debug\新增节.tlog\link.9916-cvtres.read.1.tlog
d:\users\wangxingyu3\2020年9月\codetest\新增节项目\新增节\新增节\debug\新增节.tlog\link.9916-cvtres.write.1.tlog
d:\users\wangxingyu3\2020年9月\codetest\新增节项目\新增节\新增节\debug\新增节.tlog\link.9916-rc.read.1.tlog
d:\users\wangxingyu3\2020年9月\codetest\新增节项目\新增节\新增节\debug\新增节.tlog\link.9916-rc.write.1.tlog
d:\users\wangxingyu3\2020年9月\codetest\新增节项目\新增节\新增节\debug\新增节.tlog\link.9916.read.1.tlog
d:\users\wangxingyu3\2020年9月\codetest\新增节项目\新增节\新增节\debug\新增节.tlog\link.9916.write.1.tlog
d:\users\wangxingyu3\2020年9月\codetest\新增节项目\新增节\新增节\debug\新增节.tlog\link.command.1.tlog
d:\users\wangxingyu3\2020年9月\codetest\新增节项目\新增节\新增节\debug\新增节.tlog\link.read.1.tlog
d:\users\wangxingyu3\2020年9月\codetest\新增节项目\新增节\新增节\debug\新增节.tlog\link.write.1.tlog
